[debug] [2024-12-10T14:12:24.501Z] ----------------------------------------------------------------------
[debug] [2024-12-10T14:12:24.507Z] Command:       C:\Program Files\nodejs\node.exe C:\Users\DHANUSH C\AppData\Roaming\npm\node_modules\firebase-tools\lib\bin\firebase.js init functions
[debug] [2024-12-10T14:12:24.507Z] CLI Version:   13.27.0
[debug] [2024-12-10T14:12:24.508Z] Platform:      win32
[debug] [2024-12-10T14:12:24.508Z] Node Version:  v20.17.0
[debug] [2024-12-10T14:12:24.508Z] Time:          Tue Dec 10 2024 19:42:24 GMT+0530 (India Standard Time)
[debug] [2024-12-10T14:12:24.508Z] ----------------------------------------------------------------------
[debug] 
[debug] [2024-12-10T14:12:24.522Z] > command requires scopes: ["email","openid","https://www.googleapis.com/auth/cloudplatformprojects.readonly","https://www.googleapis.com/auth/firebase","https://www.googleapis.com/auth/cloud-platform"]
[debug] [2024-12-10T14:12:24.523Z] > authorizing via signed-in user (jkeventmanagement065@gmail.com)
[info] 
     ######## #### ########  ######## ########     ###     ######  ########
     ##        ##  ##     ## ##       ##     ##  ##   ##  ##       ##
     ######    ##  ########  ######   ########  #########  ######  ######
     ##        ##  ##    ##  ##       ##     ## ##     ##       ## ##
     ##       #### ##     ## ######## ########  ##     ##  ######  ########

You're about to initialize a Firebase project in this directory:

  C:\Users\DHANUSH C\OneDrive\Desktop\Event management

[info] 
=== Project Setup
[info] 
[info] First, let's associate this project directory with a Firebase project.
[info] You can create multiple project aliases by running firebase use --add, 
[info] but for now we'll just set up a default project.
[info] 
[debug] [2024-12-10T14:12:35.870Z] Checked if tokens are valid: false, expires at: 1733840799031
[debug] [2024-12-10T14:12:35.870Z] Checked if tokens are valid: false, expires at: 1733840799031
[debug] [2024-12-10T14:12:35.870Z] > refreshing access token with scopes: []
[debug] [2024-12-10T14:12:35.872Z] >>> [apiv2][query] POST https://www.googleapis.com/oauth2/v3/token [none]
[debug] [2024-12-10T14:12:35.872Z] >>> [apiv2][body] POST https://www.googleapis.com/oauth2/v3/token [omitted]
[debug] [2024-12-10T14:12:37.269Z] <<< [apiv2][status] POST https://www.googleapis.com/oauth2/v3/token 200
[debug] [2024-12-10T14:12:37.270Z] <<< [apiv2][body] POST https://www.googleapis.com/oauth2/v3/token [omitted]
[debug] [2024-12-10T14:12:37.283Z] >>> [apiv2][query] GET https://firebase.googleapis.com/v1beta1/projects pageSize=100
[debug] [2024-12-10T14:12:38.481Z] <<< [apiv2][status] GET https://firebase.googleapis.com/v1beta1/projects 200
[debug] [2024-12-10T14:12:38.481Z] <<< [apiv2][body] GET https://firebase.googleapis.com/v1beta1/projects [omitted]
[info] i  Using project jkeventmanagement-a0ec7 (JKEventManagement) 
[info] 
=== Functions Setup
[debug] [2024-12-10T14:12:41.580Z] > command requires scopes: ["email","openid","https://www.googleapis.com/auth/cloudplatformprojects.readonly","https://www.googleapis.com/auth/firebase","https://www.googleapis.com/auth/cloud-platform"]
[debug] [2024-12-10T14:12:41.581Z] > authorizing via signed-in user (jkeventmanagement065@gmail.com)
[debug] [2024-12-10T14:12:41.581Z] [iam] checking project jkeventmanagement-a0ec7 for permissions ["firebase.projects.get"]
[debug] [2024-12-10T14:12:41.582Z] Checked if tokens are valid: true, expires at: 1733843556270
[debug] [2024-12-10T14:12:41.582Z] Checked if tokens are valid: true, expires at: 1733843556270
[debug] [2024-12-10T14:12:41.582Z] >>> [apiv2][query] POST https://cloudresourcemanager.googleapis.com/v1/projects/jkeventmanagement-a0ec7:testIamPermissions [none]
[debug] [2024-12-10T14:12:41.582Z] >>> [apiv2][(partial)header] POST https://cloudresourcemanager.googleapis.com/v1/projects/jkeventmanagement-a0ec7:testIamPermissions x-goog-quota-user=projects/jkeventmanagement-a0ec7
[debug] [2024-12-10T14:12:41.582Z] >>> [apiv2][body] POST https://cloudresourcemanager.googleapis.com/v1/projects/jkeventmanagement-a0ec7:testIamPermissions {"permissions":["firebase.projects.get"]}
[debug] [2024-12-10T14:12:43.558Z] <<< [apiv2][status] POST https://cloudresourcemanager.googleapis.com/v1/projects/jkeventmanagement-a0ec7:testIamPermissions 200
[debug] [2024-12-10T14:12:43.558Z] <<< [apiv2][body] POST https://cloudresourcemanager.googleapis.com/v1/projects/jkeventmanagement-a0ec7:testIamPermissions {"permissions":["firebase.projects.get"]}
[debug] [2024-12-10T14:12:43.559Z] Checked if tokens are valid: true, expires at: 1733843556270
[debug] [2024-12-10T14:12:43.559Z] Checked if tokens are valid: true, expires at: 1733843556270
[debug] [2024-12-10T14:12:43.559Z] Checked if tokens are valid: true, expires at: 1733843556270
[debug] [2024-12-10T14:12:43.559Z] Checked if tokens are valid: true, expires at: 1733843556270
[debug] [2024-12-10T14:12:43.560Z] >>> [apiv2][query] GET https://serviceusage.googleapis.com/v1/projects/jkeventmanagement-a0ec7/services/cloudfunctions.googleapis.com [none]
[debug] [2024-12-10T14:12:43.560Z] >>> [apiv2][(partial)header] GET https://serviceusage.googleapis.com/v1/projects/jkeventmanagement-a0ec7/services/cloudfunctions.googleapis.com x-goog-quota-user=projects/jkeventmanagement-a0ec7
[debug] [2024-12-10T14:12:43.561Z] >>> [apiv2][query] GET https://serviceusage.googleapis.com/v1/projects/jkeventmanagement-a0ec7/services/runtimeconfig.googleapis.com [none]
[debug] [2024-12-10T14:12:43.562Z] >>> [apiv2][(partial)header] GET https://serviceusage.googleapis.com/v1/projects/jkeventmanagement-a0ec7/services/runtimeconfig.googleapis.com x-goog-quota-user=projects/jkeventmanagement-a0ec7
[debug] [2024-12-10T14:12:47.066Z] <<< [apiv2][status] GET https://serviceusage.googleapis.com/v1/projects/jkeventmanagement-a0ec7/services/cloudfunctions.googleapis.com 200
[debug] [2024-12-10T14:12:47.066Z] <<< [apiv2][body] GET https://serviceusage.googleapis.com/v1/projects/jkeventmanagement-a0ec7/services/cloudfunctions.googleapis.com [omitted]
[debug] [2024-12-10T14:12:47.067Z] Checked if tokens are valid: true, expires at: 1733843556270
[debug] [2024-12-10T14:12:47.067Z] Checked if tokens are valid: true, expires at: 1733843556270
[debug] [2024-12-10T14:12:47.067Z] >>> [apiv2][query] POST https://serviceusage.googleapis.com/v1/projects/jkeventmanagement-a0ec7/services/cloudfunctions.googleapis.com:enable [none]
[debug] [2024-12-10T14:12:47.067Z] >>> [apiv2][(partial)header] POST https://serviceusage.googleapis.com/v1/projects/jkeventmanagement-a0ec7/services/cloudfunctions.googleapis.com:enable x-goog-quota-user=projects/jkeventmanagement-a0ec7
[debug] [2024-12-10T14:12:47.069Z] <<< [apiv2][status] GET https://serviceusage.googleapis.com/v1/projects/jkeventmanagement-a0ec7/services/runtimeconfig.googleapis.com 200
[debug] [2024-12-10T14:12:47.069Z] <<< [apiv2][body] GET https://serviceusage.googleapis.com/v1/projects/jkeventmanagement-a0ec7/services/runtimeconfig.googleapis.com [omitted]
[debug] [2024-12-10T14:12:49.112Z] <<< [apiv2][status] POST https://serviceusage.googleapis.com/v1/projects/jkeventmanagement-a0ec7/services/cloudfunctions.googleapis.com:enable 200
[debug] [2024-12-10T14:12:49.112Z] <<< [apiv2][body] POST https://serviceusage.googleapis.com/v1/projects/jkeventmanagement-a0ec7/services/cloudfunctions.googleapis.com:enable [omitted]
[debug] [2024-12-10T14:12:59.127Z] Checked if tokens are valid: true, expires at: 1733843556270
[debug] [2024-12-10T14:12:59.129Z] Checked if tokens are valid: true, expires at: 1733843556270
[debug] [2024-12-10T14:12:59.129Z] >>> [apiv2][query] GET https://serviceusage.googleapis.com/v1/projects/jkeventmanagement-a0ec7/services/cloudfunctions.googleapis.com [none]
[debug] [2024-12-10T14:12:59.129Z] >>> [apiv2][(partial)header] GET https://serviceusage.googleapis.com/v1/projects/jkeventmanagement-a0ec7/services/cloudfunctions.googleapis.com x-goog-quota-user=projects/jkeventmanagement-a0ec7
[debug] [2024-12-10T14:13:01.550Z] <<< [apiv2][status] GET https://serviceusage.googleapis.com/v1/projects/jkeventmanagement-a0ec7/services/cloudfunctions.googleapis.com 200
[debug] [2024-12-10T14:13:01.550Z] <<< [apiv2][body] GET https://serviceusage.googleapis.com/v1/projects/jkeventmanagement-a0ec7/services/cloudfunctions.googleapis.com [omitted]
[info] Let's create a new codebase for your functions.
[info] A directory corresponding to the codebase will be created in your project
[info] with sample code pre-configured.

[info] See https://firebase.google.com/docs/functions/organize-functions for
[info] more information on organizing your functions using codebases.

[info] Functions can be deployed with firebase deploy.

[info] +  Wrote functions/package.json 
[info] +  Wrote functions/.eslintrc.js 
[info] +  Wrote functions/index.js 
[info] +  Wrote functions/.gitignore 
